[debug] [2023-08-06T07:26:05.033Z] ----------------------------------------------------------------------
[debug] [2023-08-06T07:26:05.035Z] Command:       C:\Program Files\nodejs\node.exe C:\Users\Sandesh\AppData\Roaming\npm\node_modules\firebase-tools\lib\bin\firebase.js init
[debug] [2023-08-06T07:26:05.035Z] CLI Version:   12.4.7
[debug] [2023-08-06T07:26:05.035Z] Platform:      win32
[debug] [2023-08-06T07:26:05.036Z] Node Version:  v16.18.0
[debug] [2023-08-06T07:26:05.040Z] Time:          Sun Aug 06 2023 12:56:05 GMT+0530 (India Standard Time)
[debug] [2023-08-06T07:26:05.041Z] ----------------------------------------------------------------------
[debug] 
[debug] [2023-08-06T07:26:05.049Z] > command requires scopes: ["email","openid","https://www.googleapis.com/auth/cloudplatformprojects.readonly","https://www.googleapis.com/auth/firebase","https://www.googleapis.com/auth/cloud-platform"]
[debug] [2023-08-06T07:26:05.050Z] > authorizing via signed-in user (sandeshchougale93@gmail.com)
[info] 
     ######## #### ########  ######## ########     ###     ######  ########
     ##        ##  ##     ## ##       ##     ##  ##   ##  ##       ##
     ######    ##  ########  ######   ########  #########  ######  ######
     ##        ##  ##    ##  ##       ##     ## ##     ##       ## ##
     ##       #### ##     ## ######## ########  ##     ##  ######  ########

You're about to initialize a Firebase project in this directory:

  C:\Users\Sandesh\OneDrive\Desktop\Web Developement\reacttut\todolist

[info] 
=== Project Setup
[info] 
[info] First, let's associate this project directory with a Firebase project.
[info] You can create multiple project aliases by running firebase use --add, 
[info] but for now we'll just set up a default project.
[info] 
[debug] [2023-08-06T07:26:43.752Z] >>> [apiv2][query] GET https://firebase.googleapis.com/v1beta1/projects pageSize=100
[debug] [2023-08-06T07:26:46.085Z] <<< [apiv2][status] GET https://firebase.googleapis.com/v1beta1/projects 200
[debug] [2023-08-06T07:26:46.085Z] <<< [apiv2][body] GET https://firebase.googleapis.com/v1beta1/projects [omitted]
[info] i  Using project social-media-be85f (Social-media) 
[info] 
=== Hosting Setup
[info] 
[info] Your public directory is the folder (relative to your project directory) that
[info] will contain Hosting assets to be uploaded with firebase deploy. If you
[info] have a build process for your assets, use your build's output directory.
[info] 
[info] i  Skipping write of public/404.html 
[debug] [2023-08-06T07:28:29.300Z] >>> [apiv2][query] GET https://www.gstatic.com/firebasejs/releases.json [none]
[debug] [2023-08-06T07:28:30.022Z] <<< [apiv2][status] GET https://www.gstatic.com/firebasejs/releases.json 200
[debug] [2023-08-06T07:28:30.022Z] <<< [apiv2][body] GET https://www.gstatic.com/firebasejs/releases.json {"current":{"version":"10.1.0","browserURL":"https://www.gstatic.com/firebasejs/10.1.0/firebase.js","packageURL":"https://www.gstatic.com/firebasejs/10.1.0/firebase.tgz"},"live":{"version":"10.1","browserURL":"https://www.gstatic.com/firebasejs/live/10.1/firebase.js","packageURL":"https://www.gstatic.com/firebasejs/live/10.1/firebase.tgz"},"components":{"analytics":"https://www.gstatic.com/firebasejs/10.1.0/firebase-analytics.js","app":"https://www.gstatic.com/firebasejs/10.1.0/firebase-app.js","app-check":"https://www.gstatic.com/firebasejs/10.1.0/firebase-app-check.js","auth":"https://www.gstatic.com/firebasejs/10.1.0/firebase-auth.js","auth/cordova":"https://www.gstatic.com/firebasejs/10.1.0/firebase-auth/cordova.js","functions":"https://www.gstatic.com/firebasejs/10.1.0/firebase-functions.js","firestore":"https://www.gstatic.com/firebasejs/10.1.0/firebase-firestore.js","firestore/lite":"https://www.gstatic.com/firebasejs/10.1.0/firebase-firestore/lite.js","installations":"https://www.gstatic.com/firebasejs/10.1.0/firebase-installations.js","storage":"https://www.gstatic.com/firebasejs/10.1.0/firebase-storage.js","performance":"https://www.gstatic.com/firebasejs/10.1.0/firebase-performance.js","remote-config":"https://www.gstatic.com/firebasejs/10.1.0/firebase-remote-config.js","messaging":"https://www.gstatic.com/firebasejs/10.1.0/firebase-messaging.js","messaging/sw":"https://www.gstatic.com/firebasejs/10.1.0/firebase-messaging/sw.js","database":"https://www.gstatic.com/firebasejs/10.1.0/firebase-database.js","firestore.memory":"https://www.gstatic.com/firebasejs/10.1.0/firebase-firestore.memory.js"}}
[info] i  Skipping write of public/index.html 
[info] 
[info] i  Detected a .git folder at C:\Users\Sandesh\OneDrive\Desktop\Web Developement\reacttut\todolist 
[info] i  Authorizing with GitHub to upload your service account to a GitHub repository's secrets store. 
[info] 
[info] Visit this URL on this device to log in:
[info] https://github.com/login/oauth/authorize?client_id=89cf50f02ac6aaed3484&state=66378059&redirect_uri=http%3A%2F%2Flocalhost%3A9005&scope=read%3Auser%20repo%20public_repo
[info] 
[info] Waiting for authentication...
[debug] [2023-08-06T07:29:22.663Z] >>> [apiv2][query] POST https://github.com/login/oauth/access_token [none]
[debug] [2023-08-06T07:29:22.663Z] >>> [apiv2][body] POST https://github.com/login/oauth/access_token [stream]
[debug] [2023-08-06T07:29:24.633Z] <<< [apiv2][status] POST https://github.com/login/oauth/access_token 200
[debug] [2023-08-06T07:29:24.633Z] <<< [apiv2][body] POST https://github.com/login/oauth/access_token {"access_token":"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","token_type":"bearer","scope":"read:user,repo"}
[debug] [2023-08-06T07:29:24.669Z] >>> [apiv2][query] GET https://api.github.com/user [none]
[debug] [2023-08-06T07:29:26.470Z] <<< [apiv2][status] GET https://api.github.com/user 200
[debug] [2023-08-06T07:29:26.470Z] <<< [apiv2][body] GET https://api.github.com/user {"login":"Sandesh5084","id":85056527,"node_id":"MDQ6VXNlcjg1MDU2NTI3","avatar_url":"https://avatars.githubusercontent.com/u/85056527?v=4","gravatar_id":"","url":"https://api.github.com/users/Sandesh5084","html_url":"https://github.com/Sandesh5084","followers_url":"https://api.github.com/users/Sandesh5084/followers","following_url":"https://api.github.com/users/Sandesh5084/following{/other_user}","gists_url":"https://api.github.com/users/Sandesh5084/gists{/gist_id}","starred_url":"https://api.github.com/users/Sandesh5084/starred{/owner}{/repo}","subscriptions_url":"https://api.github.com/users/Sandesh5084/subscriptions","organizations_url":"https://api.github.com/users/Sandesh5084/orgs","repos_url":"https://api.github.com/users/Sandesh5084/repos","events_url":"https://api.github.com/users/Sandesh5084/events{/privacy}","received_events_url":"https://api.github.com/users/Sandesh5084/received_events","type":"User","site_admin":false,"name":null,"company":null,"blog":"","location":null,"email":null,"hireable":null,"bio":null,"twitter_username":null,"public_repos":6,"public_gists":0,"followers":0,"following":0,"created_at":"2021-05-30T09:00:25Z","updated_at":"2023-08-06T06:55:41Z","private_gists":0,"total_private_repos":1,"owned_private_repos":1,"disk_usage":4208,"collaborators":0,"two_factor_authentication":false,"plan":{"name":"free","space":976562499,"collaborators":0,"private_repos":10000}}
[info] 
[info] +  Success! Logged into GitHub as Sandesh5084 
[info] 
